2026-04-23 13:27:17 [ERROR]: PrismaClientValidationError: 
Invalid `tx.utilisateur.create()` invocation in
C:\Users\BERIOLE\Desktop\Projet soutenenace\projet\smarthealth\BACKEND\services\utilisateurService.js:9:48

  6 async create(userData, roleData = {}) {
  7   return prisma.$transaction(async (tx) => {
  8     // 1. Créer l'utilisateur
→ 9     const utilisateur = await tx.utilisateur.create({
          data: {
            nom: "Pharma",
            prenom: "Doc",
            type_utilisateur: "PHARMACIEN",
            sexe: "M",
            nom_pharmacie: "Pharma Test",
            ~~~~~~~~~~~~~
            numero_autorisation: "AUTH001",
            adresse: "Rue Test",
            latitude: "4.0",
            longitude: "9.7",
            email: "pharma.cmd@test.com",
            telephone: "pharma01",
            mot_de_passe_hash: "$2a$12$j.3JxovFQlrj8WbWtBg5sOvUOM.Rh6e.TPAl0JLAws8S67d81kuTS",
        ?   id_utilisateur?: String,
        ?   date_naissance?: DateTime | Null,
        ?   photo_profil?: String | Null,
        ?   langue_preferee?: Langue,
        ?   statut_compte?: StatutCompte,
        ?   date_creation?: DateTime,
        ?   derniere_connexion?: DateTime | Null,
        ?   patient?: PatientCreateNestedOneWithoutUtilisateurInput,
        ?   professionnel?: ProfessionnelSanteCreateNestedOneWithoutUtilisateurInput,
        ?   pharmacies?: PharmacieCreateNestedManyWithoutResponsableInput,
        ?   tuteurPatients?: PatientCreateNestedManyWithoutTuteurInput,
        ?   accesCarnets?: AccesCarnetCreateNestedManyWithoutAccedantInput
          }
        })

Unknown argument `nom_pharmacie`. Available options are marked with ?.
    at ar (C:\Users\BERIOLE\Desktop\Projet soutenenace\projet\smarthealth\BACKEND\node_modules\@prisma\client\src\runtime\core\errorRendering\throwValidationException.ts:46:9)
    at Gr.throwValidationException [as handleRequestError] (C:\Users\BERIOLE\Desktop\Projet soutenenace\projet\smarthealth\BACKEND\node_modules\@prisma\client\src\runtime\RequestHandler.ts:211:7)
    at Gr.handleAndLogRequestError (C:\Users\BERIOLE\Desktop\Projet soutenenace\projet\smarthealth\BACKEND\node_modules\@prisma\client\src\runtime\RequestHandler.ts:183:12)
    at Gr.request (C:\Users\BERIOLE\Desktop\Projet soutenenace\projet\smarthealth\BACKEND\node_modules\@prisma\client\src\runtime\RequestHandler.ts:152:12)
    at processTicksAndRejections (node:internal/process/task_queues:95:5)
    at a (C:\Users\BERIOLE\Desktop\Projet soutenenace\projet\smarthealth\BACKEND\node_modules\@prisma\client\src\runtime\getPrismaClient.ts:938:24)
    at C:\Users\BERIOLE\Desktop\Projet soutenenace\projet\smarthealth\BACKEND\services\utilisateurService.js:9:27
    at Proxy._transactionWithCallback (C:\Users\BERIOLE\Desktop\Projet soutenenace\projet\smarthealth\BACKEND\node_modules\@prisma\client\src\runtime\getPrismaClient.ts:785:18)
    at exports.register (C:\Users\BERIOLE\Desktop\Projet soutenenace\projet\smarthealth\BACKEND\controllers\authController.js:26:25)
2026-04-23 13:27:21 [ERROR]: Error: self-signed certificate in certificate chain
    at TLSSocket.onConnectSecure (node:_tls_wrap:1695:34)
    at TLSSocket.emit (node:events:524:28)
    at TLSSocket._finishInit (node:_tls_wrap:1093:8)
    at TLSWrap.ssl.onhandshakedone (node:_tls_wrap:879:12)
    at TLSWrap.callbackTrampoline (node:internal/async_hooks:130:17)
2026-04-23 13:27:21 [ERROR]: Error: Erreur de l'envoi du mail de vérification.
    at sendVerificationEmail (C:\Users\BERIOLE\Desktop\Projet soutenenace\projet\smarthealth\BACKEND\utils\email.js:48:11)
    at processTicksAndRejections (node:internal/process/task_queues:95:5)
    at exports.register (C:\Users\BERIOLE\Desktop\Projet soutenenace\projet\smarthealth\BACKEND\controllers\authController.js:37:5)
2026-04-23 13:27:24 [ERROR]: Error: self-signed certificate in certificate chain
    at TLSSocket.onConnectSecure (node:_tls_wrap:1695:34)
    at TLSSocket.emit (node:events:524:28)
    at TLSSocket._finishInit (node:_tls_wrap:1093:8)
    at TLSWrap.ssl.onhandshakedone (node:_tls_wrap:879:12)
    at TLSWrap.callbackTrampoline (node:internal/async_hooks:130:17)
2026-04-23 13:27:24 [ERROR]: Error: Erreur de l'envoi du mail de vérification.
    at sendVerificationEmail (C:\Users\BERIOLE\Desktop\Projet soutenenace\projet\smarthealth\BACKEND\utils\email.js:48:11)
    at processTicksAndRejections (node:internal/process/task_queues:95:5)
    at exports.register (C:\Users\BERIOLE\Desktop\Projet soutenenace\projet\smarthealth\BACKEND\controllers\authController.js:37:5)
2026-04-23 13:29:55 [ERROR]: PrismaClientValidationError: 
Invalid `tx.utilisateur.create()` invocation in
C:\Users\BERIOLE\Desktop\Projet soutenenace\projet\smarthealth\BACKEND\services\utilisateurService.js:9:48

  6 async create(userData, roleData = {}) {
  7   return prisma.$transaction(async (tx) => {
  8     // 1. Créer l'utilisateur
→ 9     const utilisateur = await tx.utilisateur.create({
          data: {
            nom: "Pharma",
            prenom: "Doc",
            type_utilisateur: "PHARMACIEN",
            sexe: "M",
            nom_pharmacie: "Pharma Test",
            ~~~~~~~~~~~~~
            numero_autorisation: "AUTH001",
            adresse: "Rue Test",
            latitude: "4.0",
            longitude: "9.7",
            email: "pharma.cmd@test.com",
            telephone: "pharma01",
            mot_de_passe_hash: "$2a$12$zlIO4ugh6AiJxjkZNnvpi.xWQGAIKn0paQK3ypT9TmeF4XMEiegRG",
        ?   id_utilisateur?: String,
        ?   date_naissance?: DateTime | Null,
        ?   photo_profil?: String | Null,
        ?   langue_preferee?: Langue,
        ?   statut_compte?: StatutCompte,
        ?   date_creation?: DateTime,
        ?   derniere_connexion?: DateTime | Null,
        ?   patient?: PatientCreateNestedOneWithoutUtilisateurInput,
        ?   professionnel?: ProfessionnelSanteCreateNestedOneWithoutUtilisateurInput,
        ?   pharmacies?: PharmacieCreateNestedManyWithoutResponsableInput,
        ?   tuteurPatients?: PatientCreateNestedManyWithoutTuteurInput,
        ?   accesCarnets?: AccesCarnetCreateNestedManyWithoutAccedantInput
          }
        })

Unknown argument `nom_pharmacie`. Available options are marked with ?.
    at ar (C:\Users\BERIOLE\Desktop\Projet soutenenace\projet\smarthealth\BACKEND\node_modules\@prisma\client\src\runtime\core\errorRendering\throwValidationException.ts:46:9)
    at Gr.throwValidationException [as handleRequestError] (C:\Users\BERIOLE\Desktop\Projet soutenenace\projet\smarthealth\BACKEND\node_modules\@prisma\client\src\runtime\RequestHandler.ts:211:7)
    at Gr.handleAndLogRequestError (C:\Users\BERIOLE\Desktop\Projet soutenenace\projet\smarthealth\BACKEND\node_modules\@prisma\client\src\runtime\RequestHandler.ts:183:12)
    at Gr.request (C:\Users\BERIOLE\Desktop\Projet soutenenace\projet\smarthealth\BACKEND\node_modules\@prisma\client\src\runtime\RequestHandler.ts:152:12)
    at processTicksAndRejections (node:internal/process/task_queues:95:5)
    at a (C:\Users\BERIOLE\Desktop\Projet soutenenace\projet\smarthealth\BACKEND\node_modules\@prisma\client\src\runtime\getPrismaClient.ts:938:24)
    at C:\Users\BERIOLE\Desktop\Projet soutenenace\projet\smarthealth\BACKEND\services\utilisateurService.js:9:27
    at Proxy._transactionWithCallback (C:\Users\BERIOLE\Desktop\Projet soutenenace\projet\smarthealth\BACKEND\node_modules\@prisma\client\src\runtime\getPrismaClient.ts:785:18)
    at exports.register (C:\Users\BERIOLE\Desktop\Projet soutenenace\projet\smarthealth\BACKEND\controllers\authController.js:26:25)
2026-04-23 13:29:58 [ERROR]: Error: self-signed certificate in certificate chain
    at TLSSocket.onConnectSecure (node:_tls_wrap:1695:34)
    at TLSSocket.emit (node:events:524:28)
    at TLSSocket._finishInit (node:_tls_wrap:1093:8)
    at TLSWrap.ssl.onhandshakedone (node:_tls_wrap:879:12)
    at TLSWrap.callbackTrampoline (node:internal/async_hooks:130:17)
2026-04-23 13:29:58 [ERROR]: Error: Erreur de l'envoi du mail de vérification.
    at sendVerificationEmail (C:\Users\BERIOLE\Desktop\Projet soutenenace\projet\smarthealth\BACKEND\utils\email.js:48:11)
    at processTicksAndRejections (node:internal/process/task_queues:95:5)
    at exports.register (C:\Users\BERIOLE\Desktop\Projet soutenenace\projet\smarthealth\BACKEND\controllers\authController.js:37:5)
2026-04-23 13:30:02 [ERROR]: Error: self-signed certificate in certificate chain
    at TLSSocket.onConnectSecure (node:_tls_wrap:1695:34)
    at TLSSocket.emit (node:events:524:28)
    at TLSSocket._finishInit (node:_tls_wrap:1093:8)
    at TLSWrap.ssl.onhandshakedone (node:_tls_wrap:879:12)
    at TLSWrap.callbackTrampoline (node:internal/async_hooks:130:17)
2026-04-23 13:30:02 [ERROR]: Error: Erreur de l'envoi du mail de vérification.
    at sendVerificationEmail (C:\Users\BERIOLE\Desktop\Projet soutenenace\projet\smarthealth\BACKEND\utils\email.js:48:11)
    at processTicksAndRejections (node:internal/process/task_queues:95:5)
    at exports.register (C:\Users\BERIOLE\Desktop\Projet soutenenace\projet\smarthealth\BACKEND\controllers\authController.js:37:5)
2026-04-23 13:30:05 [ERROR]: Error: self-signed certificate in certificate chain
    at TLSSocket.onConnectSecure (node:_tls_wrap:1695:34)
    at TLSSocket.emit (node:events:524:28)
    at TLSSocket._finishInit (node:_tls_wrap:1093:8)
    at TLSWrap.ssl.onhandshakedone (node:_tls_wrap:879:12)
    at TLSWrap.callbackTrampoline (node:internal/async_hooks:130:17)
2026-04-23 13:30:05 [ERROR]: Error: Erreur de l'envoi du mail de vérification.
    at sendVerificationEmail (C:\Users\BERIOLE\Desktop\Projet soutenenace\projet\smarthealth\BACKEND\utils\email.js:48:11)
    at processTicksAndRejections (node:internal/process/task_queues:95:5)
    at exports.register (C:\Users\BERIOLE\Desktop\Projet soutenenace\projet\smarthealth\BACKEND\controllers\authController.js:37:5)
2026-04-23 13:30:09 [ERROR]: Error: self-signed certificate in certificate chain
    at TLSSocket.onConnectSecure (node:_tls_wrap:1695:34)
    at TLSSocket.emit (node:events:524:28)
    at TLSSocket._finishInit (node:_tls_wrap:1093:8)
    at TLSWrap.ssl.onhandshakedone (node:_tls_wrap:879:12)
    at TLSWrap.callbackTrampoline (node:internal/async_hooks:130:17)
2026-04-23 13:30:09 [ERROR]: Error: Erreur de l'envoi du mail de vérification.
    at sendVerificationEmail (C:\Users\BERIOLE\Desktop\Projet soutenenace\projet\smarthealth\BACKEND\utils\email.js:48:11)
    at processTicksAndRejections (node:internal/process/task_queues:95:5)
    at exports.register (C:\Users\BERIOLE\Desktop\Projet soutenenace\projet\smarthealth\BACKEND\controllers\authController.js:37:5)
2026-04-23 17:24:06 [ERROR]: PrismaClientValidationError: 
Invalid `tx.utilisateur.create()` invocation in
C:\Users\BERIOLE\Desktop\Projet soutenenace\projet\smarthealth\BACKEND\services\utilisateurService.js:9:48

  6 async create(userData, roleData = {}) {
  7   return prisma.$transaction(async (tx) => {
  8     // 1. Créer l'utilisateur
→ 9     const utilisateur = await tx.utilisateur.create({
          data: {
            nom: "Pharma",
            prenom: "Doc",
            type_utilisateur: "PHARMACIEN",
            sexe: "M",
            nom_pharmacie: "Pharma Test",
            ~~~~~~~~~~~~~
            numero_autorisation: "AUTH001",
            adresse: "Rue Test",
            latitude: "4.0",
            longitude: "9.7",
            email: "pharma.cmd@test.com",
            telephone: "pharma01",
            mot_de_passe_hash: "$2a$12$BM96lTpSrl2F5OLLVu5U4ui5TwOh9Aeq.q8y/zMIGkm5uQgH7fOQK",
        ?   id_utilisateur?: String,
        ?   date_naissance?: DateTime | Null,
        ?   photo_profil?: String | Null,
        ?   langue_preferee?: Langue,
        ?   statut_compte?: StatutCompte,
        ?   date_creation?: DateTime,
        ?   derniere_connexion?: DateTime | Null,
        ?   patient?: PatientCreateNestedOneWithoutUtilisateurInput,
        ?   professionnel?: ProfessionnelSanteCreateNestedOneWithoutUtilisateurInput,
        ?   pharmacies?: PharmacieCreateNestedManyWithoutResponsableInput,
        ?   tuteurPatients?: PatientCreateNestedManyWithoutTuteurInput,
        ?   accesCarnets?: AccesCarnetCreateNestedManyWithoutAccedantInput
          }
        })

Unknown argument `nom_pharmacie`. Available options are marked with ?.
    at ar (C:\Users\BERIOLE\Desktop\Projet soutenenace\projet\smarthealth\BACKEND\node_modules\@prisma\client\src\runtime\core\errorRendering\throwValidationException.ts:46:9)
    at Gr.throwValidationException [as handleRequestError] (C:\Users\BERIOLE\Desktop\Projet soutenenace\projet\smarthealth\BACKEND\node_modules\@prisma\client\src\runtime\RequestHandler.ts:211:7)
    at Gr.handleAndLogRequestError (C:\Users\BERIOLE\Desktop\Projet soutenenace\projet\smarthealth\BACKEND\node_modules\@prisma\client\src\runtime\RequestHandler.ts:183:12)
    at Gr.request (C:\Users\BERIOLE\Desktop\Projet soutenenace\projet\smarthealth\BACKEND\node_modules\@prisma\client\src\runtime\RequestHandler.ts:152:12)
    at processTicksAndRejections (node:internal/process/task_queues:95:5)
    at a (C:\Users\BERIOLE\Desktop\Projet soutenenace\projet\smarthealth\BACKEND\node_modules\@prisma\client\src\runtime\getPrismaClient.ts:938:24)
    at C:\Users\BERIOLE\Desktop\Projet soutenenace\projet\smarthealth\BACKEND\services\utilisateurService.js:9:27
    at Proxy._transactionWithCallback (C:\Users\BERIOLE\Desktop\Projet soutenenace\projet\smarthealth\BACKEND\node_modules\@prisma\client\src\runtime\getPrismaClient.ts:785:18)
    at exports.register (C:\Users\BERIOLE\Desktop\Projet soutenenace\projet\smarthealth\BACKEND\controllers\authController.js:26:25)
2026-04-23 17:24:09 [ERROR]: Error: self-signed certificate in certificate chain
    at TLSSocket.onConnectSecure (node:_tls_wrap:1695:34)
    at TLSSocket.emit (node:events:524:28)
    at TLSSocket._finishInit (node:_tls_wrap:1093:8)
    at TLSWrap.ssl.onhandshakedone (node:_tls_wrap:879:12)
    at TLSWrap.callbackTrampoline (node:internal/async_hooks:130:17)
2026-04-23 17:24:09 [ERROR]: Error: Erreur de l'envoi du mail de vérification.
    at sendVerificationEmail (C:\Users\BERIOLE\Desktop\Projet soutenenace\projet\smarthealth\BACKEND\utils\email.js:48:11)
    at processTicksAndRejections (node:internal/process/task_queues:95:5)
    at exports.register (C:\Users\BERIOLE\Desktop\Projet soutenenace\projet\smarthealth\BACKEND\controllers\authController.js:37:5)
2026-04-23 17:24:11 [ERROR]: Error: self-signed certificate in certificate chain
    at TLSSocket.onConnectSecure (node:_tls_wrap:1695:34)
    at TLSSocket.emit (node:events:524:28)
    at TLSSocket._finishInit (node:_tls_wrap:1093:8)
    at TLSWrap.ssl.onhandshakedone (node:_tls_wrap:879:12)
    at TLSWrap.callbackTrampoline (node:internal/async_hooks:130:17)
2026-04-23 17:24:11 [ERROR]: Error: Erreur de l'envoi du mail de vérification.
    at sendVerificationEmail (C:\Users\BERIOLE\Desktop\Projet soutenenace\projet\smarthealth\BACKEND\utils\email.js:48:11)
    at processTicksAndRejections (node:internal/process/task_queues:95:5)
    at exports.register (C:\Users\BERIOLE\Desktop\Projet soutenenace\projet\smarthealth\BACKEND\controllers\authController.js:37:5)
2026-04-23 17:24:13 [ERROR]: Error: self-signed certificate in certificate chain
    at TLSSocket.onConnectSecure (node:_tls_wrap:1695:34)
    at TLSSocket.emit (node:events:524:28)
    at TLSSocket._finishInit (node:_tls_wrap:1093:8)
    at TLSWrap.ssl.onhandshakedone (node:_tls_wrap:879:12)
    at TLSWrap.callbackTrampoline (node:internal/async_hooks:130:17)
2026-04-23 17:24:13 [ERROR]: Error: Erreur de l'envoi du mail de vérification.
    at sendVerificationEmail (C:\Users\BERIOLE\Desktop\Projet soutenenace\projet\smarthealth\BACKEND\utils\email.js:48:11)
    at processTicksAndRejections (node:internal/process/task_queues:95:5)
    at exports.register (C:\Users\BERIOLE\Desktop\Projet soutenenace\projet\smarthealth\BACKEND\controllers\authController.js:37:5)
2026-04-23 17:24:16 [ERROR]: Error: self-signed certificate in certificate chain
    at TLSSocket.onConnectSecure (node:_tls_wrap:1695:34)
    at TLSSocket.emit (node:events:524:28)
    at TLSSocket._finishInit (node:_tls_wrap:1093:8)
    at TLSWrap.ssl.onhandshakedone (node:_tls_wrap:879:12)
    at TLSWrap.callbackTrampoline (node:internal/async_hooks:130:17)
2026-04-23 17:24:16 [ERROR]: Error: Erreur de l'envoi du mail de vérification.
    at sendVerificationEmail (C:\Users\BERIOLE\Desktop\Projet soutenenace\projet\smarthealth\BACKEND\utils\email.js:48:11)
    at processTicksAndRejections (node:internal/process/task_queues:95:5)
    at exports.register (C:\Users\BERIOLE\Desktop\Projet soutenenace\projet\smarthealth\BACKEND\controllers\authController.js:37:5)
2026-04-23 17:51:32 [ERROR]: Error: SASL: SCRAM-SERVER-FIRST-MESSAGE: client password must be a string
    at C:\Users\BERIOLE\Desktop\Projet soutenenace\projet\smarthealth\BACKEND\node_modules\pg-pool\index.js:45:11
    at process.processTicksAndRejections (node:internal/process/task_queues:95:5)
    at async PrismaPgAdapter.performIO (C:\Users\BERIOLE\Desktop\Projet soutenenace\projet\smarthealth\BACKEND\node_modules\@prisma\adapter-pg\dist\index.js:654:22)
    at async PrismaPgAdapter.queryRaw (C:\Users\BERIOLE\Desktop\Projet soutenenace\projet\smarthealth\BACKEND\node_modules\@prisma\adapter-pg\dist\index.js:604:30)
    at async e.interpretNode (C:\Users\BERIOLE\Desktop\Projet soutenenace\projet\smarthealth\BACKEND\node_modules\@prisma\client\runtime\client.js:11:44601)
    at async e.interpretNode (C:\Users\BERIOLE\Desktop\Projet soutenenace\projet\smarthealth\BACKEND\node_modules\@prisma\client\runtime\client.js:11:45045)
    at async e.interpretNode (C:\Users\BERIOLE\Desktop\Projet soutenenace\projet\smarthealth\BACKEND\node_modules\@prisma\client\runtime\client.js:11:46265)
    at async e.run (C:\Users\BERIOLE\Desktop\Projet soutenenace\projet\smarthealth\BACKEND\node_modules\@prisma\client\runtime\client.js:11:43315)
    at async e.execute (C:\Users\BERIOLE\Desktop\Projet soutenenace\projet\smarthealth\BACKEND\node_modules\@prisma\client\runtime\client.js:57:815)
    at async jt.request (C:\Users\BERIOLE\Desktop\Projet soutenenace\projet\smarthealth\BACKEND\node_modules\@prisma\client\runtime\client.js:58:2399)
2026-04-23 18:01:44 [ERROR]: Error: SASL: SCRAM-SERVER-FIRST-MESSAGE: client password must be a string
    at C:\Users\BERIOLE\Desktop\Projet soutenenace\projet\smarthealth\BACKEND\node_modules\pg-pool\index.js:45:11
    at process.processTicksAndRejections (node:internal/process/task_queues:95:5)
    at async PrismaPgAdapter.performIO (C:\Users\BERIOLE\Desktop\Projet soutenenace\projet\smarthealth\BACKEND\node_modules\@prisma\adapter-pg\dist\index.js:654:22)
    at async PrismaPgAdapter.queryRaw (C:\Users\BERIOLE\Desktop\Projet soutenenace\projet\smarthealth\BACKEND\node_modules\@prisma\adapter-pg\dist\index.js:604:30)
    at async e.interpretNode (C:\Users\BERIOLE\Desktop\Projet soutenenace\projet\smarthealth\BACKEND\node_modules\@prisma\client\runtime\client.js:11:44601)
    at async e.interpretNode (C:\Users\BERIOLE\Desktop\Projet soutenenace\projet\smarthealth\BACKEND\node_modules\@prisma\client\runtime\client.js:11:45045)
    at async e.interpretNode (C:\Users\BERIOLE\Desktop\Projet soutenenace\projet\smarthealth\BACKEND\node_modules\@prisma\client\runtime\client.js:11:46265)
    at async e.run (C:\Users\BERIOLE\Desktop\Projet soutenenace\projet\smarthealth\BACKEND\node_modules\@prisma\client\runtime\client.js:11:43315)
    at async e.execute (C:\Users\BERIOLE\Desktop\Projet soutenenace\projet\smarthealth\BACKEND\node_modules\@prisma\client\runtime\client.js:57:815)
    at async jt.request (C:\Users\BERIOLE\Desktop\Projet soutenenace\projet\smarthealth\BACKEND\node_modules\@prisma\client\runtime\client.js:58:2399)
2026-04-23 18:06:06 [ERROR]: Error: self-signed certificate in certificate chain
    at TLSSocket.onConnectSecure (node:_tls_wrap:1695:34)
    at TLSSocket.emit (node:events:524:28)
    at TLSSocket._finishInit (node:_tls_wrap:1093:8)
    at ssl.onhandshakedone (node:_tls_wrap:879:12)
2026-04-23 18:06:06 [ERROR]: Error: Erreur de l'envoi du mail de vérification.
    at sendVerificationEmail (C:\Users\BERIOLE\Desktop\Projet soutenenace\projet\smarthealth\BACKEND\utils\email.js:48:11)
    at process.processTicksAndRejections (node:internal/process/task_queues:95:5)
    at async exports.register (C:\Users\BERIOLE\Desktop\Projet soutenenace\projet\smarthealth\BACKEND\controllers\authController.js:37:5)
2026-04-23 18:08:26 [ERROR]: Error: self-signed certificate in certificate chain
    at TLSSocket.onConnectSecure (node:_tls_wrap:1695:34)
    at TLSSocket.emit (node:events:524:28)
    at TLSSocket._finishInit (node:_tls_wrap:1093:8)
    at TLSWrap.ssl.onhandshakedone (node:_tls_wrap:879:12)
    at TLSWrap.callbackTrampoline (node:internal/async_hooks:130:17)
2026-04-23 18:08:26 [ERROR]: Error: Erreur de l'envoi du mail de vérification.
    at sendVerificationEmail (C:\Users\BERIOLE\Desktop\Projet soutenenace\projet\smarthealth\BACKEND\utils\email.js:48:11)
    at processTicksAndRejections (node:internal/process/task_queues:95:5)
    at exports.register (C:\Users\BERIOLE\Desktop\Projet soutenenace\projet\smarthealth\BACKEND\controllers\authController.js:37:5)
2026-04-23 18:08:32 [ERROR]: PrismaClientValidationError: 
Invalid `tx.utilisateur.create()` invocation in
C:\Users\BERIOLE\Desktop\Projet soutenenace\projet\smarthealth\BACKEND\services\utilisateurService.js:9:48

  6 async create(userData, roleData = {}) {
  7   return prisma.$transaction(async (tx) => {
  8     // 1. Créer l'utilisateur
→ 9     const utilisateur = await tx.utilisateur.create({
          data: {
            nom: "Pharma",
            prenom: "Doc",
            type_utilisateur: "PHARMACIEN",
            sexe: "M",
            nom_pharmacie: "Pharma Test",
            ~~~~~~~~~~~~~
            numero_autorisation: "AUTH001",
            adresse: "Rue Test",
            latitude: "4.0",
            longitude: "9.7",
            email: "berioletsague@gmail.com",
            telephone: "pharma01",
            mot_de_passe_hash: "$2a$12$HQNJ6eJAa0mInvd01gvTB.Sj6XQqZAxkLq1KaqrhffpvdiFy3QKIW",
        ?   id_utilisateur?: String,
        ?   date_naissance?: DateTime | Null,
        ?   photo_profil?: String | Null,
        ?   langue_preferee?: Langue,
        ?   statut_compte?: StatutCompte,
        ?   date_creation?: DateTime,
        ?   derniere_connexion?: DateTime | Null,
        ?   patient?: PatientCreateNestedOneWithoutUtilisateurInput,
        ?   professionnel?: ProfessionnelSanteCreateNestedOneWithoutUtilisateurInput,
        ?   pharmacies?: PharmacieCreateNestedManyWithoutResponsableInput,
        ?   tuteurPatients?: PatientCreateNestedManyWithoutTuteurInput,
        ?   accesCarnets?: AccesCarnetCreateNestedManyWithoutAccedantInput
          }
        })

Unknown argument `nom_pharmacie`. Available options are marked with ?.
    at ar (C:\Users\BERIOLE\Desktop\Projet soutenenace\projet\smarthealth\BACKEND\node_modules\@prisma\client\src\runtime\core\errorRendering\throwValidationException.ts:46:9)
    at Gr.throwValidationException [as handleRequestError] (C:\Users\BERIOLE\Desktop\Projet soutenenace\projet\smarthealth\BACKEND\node_modules\@prisma\client\src\runtime\RequestHandler.ts:211:7)
    at Gr.handleAndLogRequestError (C:\Users\BERIOLE\Desktop\Projet soutenenace\projet\smarthealth\BACKEND\node_modules\@prisma\client\src\runtime\RequestHandler.ts:183:12)
    at Gr.request (C:\Users\BERIOLE\Desktop\Projet soutenenace\projet\smarthealth\BACKEND\node_modules\@prisma\client\src\runtime\RequestHandler.ts:152:12)
    at processTicksAndRejections (node:internal/process/task_queues:95:5)
    at a (C:\Users\BERIOLE\Desktop\Projet soutenenace\projet\smarthealth\BACKEND\node_modules\@prisma\client\src\runtime\getPrismaClient.ts:938:24)
    at C:\Users\BERIOLE\Desktop\Projet soutenenace\projet\smarthealth\BACKEND\services\utilisateurService.js:9:27
    at Proxy._transactionWithCallback (C:\Users\BERIOLE\Desktop\Projet soutenenace\projet\smarthealth\BACKEND\node_modules\@prisma\client\src\runtime\getPrismaClient.ts:785:18)
    at exports.register (C:\Users\BERIOLE\Desktop\Projet soutenenace\projet\smarthealth\BACKEND\controllers\authController.js:26:25)
2026-04-23 18:08:36 [ERROR]: Error: self-signed certificate in certificate chain
    at TLSSocket.onConnectSecure (node:_tls_wrap:1695:34)
    at TLSSocket.emit (node:events:524:28)
    at TLSSocket._finishInit (node:_tls_wrap:1093:8)
    at TLSWrap.ssl.onhandshakedone (node:_tls_wrap:879:12)
    at TLSWrap.callbackTrampoline (node:internal/async_hooks:130:17)
2026-04-23 18:08:36 [ERROR]: Error: Erreur de l'envoi du mail de vérification.
    at sendVerificationEmail (C:\Users\BERIOLE\Desktop\Projet soutenenace\projet\smarthealth\BACKEND\utils\email.js:48:11)
    at processTicksAndRejections (node:internal/process/task_queues:95:5)
    at exports.register (C:\Users\BERIOLE\Desktop\Projet soutenenace\projet\smarthealth\BACKEND\controllers\authController.js:37:5)
2026-04-23 18:08:38 [ERROR]: Error: self-signed certificate in certificate chain
    at TLSSocket.onConnectSecure (node:_tls_wrap:1695:34)
    at TLSSocket.emit (node:events:524:28)
    at TLSSocket._finishInit (node:_tls_wrap:1093:8)
    at TLSWrap.ssl.onhandshakedone (node:_tls_wrap:879:12)
    at TLSWrap.callbackTrampoline (node:internal/async_hooks:130:17)
2026-04-23 18:08:38 [ERROR]: Error: Erreur de l'envoi du mail de vérification.
    at sendVerificationEmail (C:\Users\BERIOLE\Desktop\Projet soutenenace\projet\smarthealth\BACKEND\utils\email.js:48:11)
    at processTicksAndRejections (node:internal/process/task_queues:95:5)
    at exports.register (C:\Users\BERIOLE\Desktop\Projet soutenenace\projet\smarthealth\BACKEND\controllers\authController.js:37:5)
2026-04-23 18:08:41 [ERROR]: Error: self-signed certificate in certificate chain
    at TLSSocket.onConnectSecure (node:_tls_wrap:1695:34)
    at TLSSocket.emit (node:events:524:28)
    at TLSSocket._finishInit (node:_tls_wrap:1093:8)
    at TLSWrap.ssl.onhandshakedone (node:_tls_wrap:879:12)
    at TLSWrap.callbackTrampoline (node:internal/async_hooks:130:17)
2026-04-23 18:08:41 [ERROR]: Error: Erreur de l'envoi du mail de vérification.
    at sendVerificationEmail (C:\Users\BERIOLE\Desktop\Projet soutenenace\projet\smarthealth\BACKEND\utils\email.js:48:11)
    at processTicksAndRejections (node:internal/process/task_queues:95:5)
    at exports.register (C:\Users\BERIOLE\Desktop\Projet soutenenace\projet\smarthealth\BACKEND\controllers\authController.js:37:5)
2026-04-23 18:10:34 [ERROR]: Error: self-signed certificate in certificate chain
    at TLSSocket.onConnectSecure (node:_tls_wrap:1695:34)
    at TLSSocket.emit (node:events:524:28)
    at TLSSocket._finishInit (node:_tls_wrap:1093:8)
    at TLSWrap.ssl.onhandshakedone (node:_tls_wrap:879:12)
    at TLSWrap.callbackTrampoline (node:internal/async_hooks:130:17)
2026-04-23 18:10:34 [ERROR]: Error: Erreur de l'envoi du mail de vérification.
    at sendVerificationEmail (C:\Users\BERIOLE\Desktop\Projet soutenenace\projet\smarthealth\BACKEND\utils\email.js:48:11)
    at processTicksAndRejections (node:internal/process/task_queues:95:5)
    at exports.register (C:\Users\BERIOLE\Desktop\Projet soutenenace\projet\smarthealth\BACKEND\controllers\authController.js:37:5)
2026-04-23 18:21:29 [ERROR]: Erreur lors de l'envoi de l'email de vérification à angelleg888@gmail.com: self-signed certificate in certificate chain
2026-04-23 18:21:29 [ERROR]: Error: Erreur email: self-signed certificate in certificate chain
    at sendVerificationEmail (C:\Users\BERIOLE\Desktop\Projet soutenenace\projet\smarthealth\BACKEND\utils\email.js:49:11)
    at process.processTicksAndRejections (node:internal/process/task_queues:95:5)
    at async exports.register (C:\Users\BERIOLE\Desktop\Projet soutenenace\projet\smarthealth\BACKEND\controllers\authController.js:37:5)
2026-04-23 18:24:21 [ERROR]: PrismaClientValidationError: 
Invalid `tx.utilisateur.create()` invocation in
C:\Users\BERIOLE\Desktop\Projet soutenenace\projet\smarthealth\BACKEND\services\utilisateurService.js:9:48

  6 async create(userData, roleData = {}) {
  7   return prisma.$transaction(async (tx) => {
  8     // 1. Créer l'utilisateur
→ 9     const utilisateur = await tx.utilisateur.create({
          data: {
            nom: "Pharma",
            prenom: "Doc",
            type_utilisateur: "PHARMACIEN",
            sexe: "M",
            nom_pharmacie: "Pharma Test",
            ~~~~~~~~~~~~~
            numero_autorisation: "AUTH001",
            adresse: "Rue Test",
            latitude: "4.0",
            longitude: "9.7",
            email: "berioletsague@gmail.com",
            telephone: "pharma01",
            mot_de_passe_hash: "$2a$12$FDFi9bV5Er7BOMLRc9tBHehyGyPPw.diuo5gMnpgnHvAnqk/Jzzw2",
        ?   id_utilisateur?: String,
        ?   date_naissance?: DateTime | Null,
        ?   photo_profil?: String | Null,
        ?   langue_preferee?: Langue,
        ?   statut_compte?: StatutCompte,
        ?   date_creation?: DateTime,
        ?   derniere_connexion?: DateTime | Null,
        ?   patient?: PatientCreateNestedOneWithoutUtilisateurInput,
        ?   professionnel?: ProfessionnelSanteCreateNestedOneWithoutUtilisateurInput,
        ?   pharmacies?: PharmacieCreateNestedManyWithoutResponsableInput,
        ?   tuteurPatients?: PatientCreateNestedManyWithoutTuteurInput,
        ?   accesCarnets?: AccesCarnetCreateNestedManyWithoutAccedantInput
          }
        })

Unknown argument `nom_pharmacie`. Available options are marked with ?.
    at ar (C:\Users\BERIOLE\Desktop\Projet soutenenace\projet\smarthealth\BACKEND\node_modules\@prisma\client\src\runtime\core\errorRendering\throwValidationException.ts:46:9)
    at Gr.throwValidationException [as handleRequestError] (C:\Users\BERIOLE\Desktop\Projet soutenenace\projet\smarthealth\BACKEND\node_modules\@prisma\client\src\runtime\RequestHandler.ts:211:7)
    at Gr.handleAndLogRequestError (C:\Users\BERIOLE\Desktop\Projet soutenenace\projet\smarthealth\BACKEND\node_modules\@prisma\client\src\runtime\RequestHandler.ts:183:12)
    at Gr.request (C:\Users\BERIOLE\Desktop\Projet soutenenace\projet\smarthealth\BACKEND\node_modules\@prisma\client\src\runtime\RequestHandler.ts:152:12)
    at processTicksAndRejections (node:internal/process/task_queues:95:5)
    at a (C:\Users\BERIOLE\Desktop\Projet soutenenace\projet\smarthealth\BACKEND\node_modules\@prisma\client\src\runtime\getPrismaClient.ts:938:24)
    at C:\Users\BERIOLE\Desktop\Projet soutenenace\projet\smarthealth\BACKEND\services\utilisateurService.js:9:27
    at Proxy._transactionWithCallback (C:\Users\BERIOLE\Desktop\Projet soutenenace\projet\smarthealth\BACKEND\node_modules\@prisma\client\src\runtime\getPrismaClient.ts:785:18)
    at exports.register (C:\Users\BERIOLE\Desktop\Projet soutenenace\projet\smarthealth\BACKEND\controllers\authController.js:26:25)
2026-04-23 18:28:33 [ERROR]: PrismaClientValidationError: 
Invalid `prisma.utilisateur.update()` invocation in
C:\Users\BERIOLE\Desktop\Projet soutenenace\projet\smarthealth\BACKEND\services\utilisateurService.js:62:31

  59 }
  60 
  61 async update(id, data) {
→ 62   return prisma.utilisateur.update({
         where: {
           id_utilisateur: "b129158d-a5e8-4e2a-a73a-3dfad2b4cc49"
         },
         data: {
           email_verifie: new Date("2026-04-23T17:28:33.833Z"),
           ~~~~~~~~~~~~~
       ?   id_utilisateur?: String | StringFieldUpdateOperationsInput,
       ?   nom?: String | StringFieldUpdateOperationsInput,
       ?   prenom?: String | StringFieldUpdateOperationsInput,
       ?   email?: String | StringFieldUpdateOperationsInput,
       ?   telephone?: String | StringFieldUpdateOperationsInput,
       ?   mot_de_passe_hash?: String | StringFieldUpdateOperationsInput,
       ?   type_utilisateur?: TypeUtilisateur | EnumTypeUtilisateurFieldUpdateOperationsInput,
       ?   date_naissance?: DateTime | NullableDateTimeFieldUpdateOperationsInput | Null,
       ?   sexe?: Sexe | EnumSexeFieldUpdateOperationsInput,
       ?   photo_profil?: String | NullableStringFieldUpdateOperationsInput | Null,
       ?   latitude?: Float | NullableFloatFieldUpdateOperationsInput | Null,
       ?   longitude?: Float | NullableFloatFieldUpdateOperationsInput | Null,
       ?   langue_preferee?: Langue | EnumLangueFieldUpdateOperationsInput,
       ?   statut_compte?: StatutCompte | EnumStatutCompteFieldUpdateOperationsInput,
       ?   date_creation?: DateTime | DateTimeFieldUpdateOperationsInput,
       ?   derniere_connexion?: DateTime | NullableDateTimeFieldUpdateOperationsInput | Null,
       ?   patient?: PatientUpdateOneWithoutUtilisateurNestedInput,
       ?   professionnel?: ProfessionnelSanteUpdateOneWithoutUtilisateurNestedInput,
       ?   pharmacies?: PharmacieUpdateManyWithoutResponsableNestedInput,
       ?   tuteurPatients?: PatientUpdateManyWithoutTuteurNestedInput,
       ?   accesCarnets?: AccesCarnetUpdateManyWithoutAccedantNestedInput
         }
       })

Unknown argument `email_verifie`. Available options are marked with ?.
    at ar (C:\Users\BERIOLE\Desktop\Projet soutenenace\projet\smarthealth\BACKEND\node_modules\@prisma\client\runtime\client.js:10:1374)
    at Gr.handleRequestError (C:\Users\BERIOLE\Desktop\Projet soutenenace\projet\smarthealth\BACKEND\node_modules\@prisma\client\runtime\client.js:65:7929)
    at Gr.handleAndLogRequestError (C:\Users\BERIOLE\Desktop\Projet soutenenace\projet\smarthealth\BACKEND\node_modules\@prisma\client\runtime\client.js:65:7581)
    at Gr.request (C:\Users\BERIOLE\Desktop\Projet soutenenace\projet\smarthealth\BACKEND\node_modules\@prisma\client\runtime\client.js:65:7288)
    at process.processTicksAndRejections (node:internal/process/task_queues:95:5)
    at async a (C:\Users\BERIOLE\Desktop\Projet soutenenace\projet\smarthealth\BACKEND\node_modules\@prisma\client\runtime\client.js:75:6730)
    at async exports.verifyEmail (C:\Users\BERIOLE\Desktop\Projet soutenenace\projet\smarthealth\BACKEND\controllers\authController.js:70:5)
